<?xml version="1.0" encoding="UTF-8"?>
<testng-results ignored="0" total="1" passed="1" failed="0" skipped="0">
  <reporter-output>
  </reporter-output>
  <suite started-at="2025-01-22T14:46:23 IST" name="Default suite" finished-at="2025-01-22T14:46:26 IST" duration-ms="2935">
    <groups>
      <group name="cucumber">
        <method signature="AbstractTestNGCucumberTests.runScenario(io.cucumber.testng.PickleWrapper,io.cucumber.testng.FeatureWrapper)[pri:0, instance:runer.TestNG@662ac478]" name="runScenario" class="io.cucumber.testng.AbstractTestNGCucumberTests"/>
      </group> <!-- cucumber -->
    </groups>
    <test started-at="2025-01-22T14:46:23 IST" name="Default test" finished-at="2025-01-22T14:46:26 IST" duration-ms="2935">
      <class name="runer.TestNG">
        <test-method is-config="true" signature="setUpClass(org.testng.ITestContext)[pri:0, instance:runer.TestNG@662ac478]" started-at="2025-01-22T14:46:23 IST" name="setUpClass" finished-at="2025-01-22T14:46:23 IST" duration-ms="475" status="PASS">
          <params>
            <param index="0">
              <value>
                <![CDATA[org.testng.TestRunner@7c75db8b]]>
              </value>
            </param>
          </params>
          <reporter-output>
          </reporter-output>
        </test-method> <!-- setUpClass -->
        <test-method signature="runScenario(io.cucumber.testng.PickleWrapper,io.cucumber.testng.FeatureWrapper)[pri:0, instance:runer.TestNG@662ac478]" started-at="2025-01-22T14:46:23 IST" name="runScenario" description="Runs Cucumber Scenarios" data-provider="scenarios" finished-at="2025-01-22T14:46:26 IST" duration-ms="2405" status="PASS">
          <params>
            <param index="0">
              <value>
                <![CDATA["Valid login in"]]>
              </value>
            </param>
            <param index="1">
              <value>
                <![CDATA["Login Functionality"]]>
              </value>
            </param>
          </params>
          <reporter-output>
          </reporter-output>
        </test-method> <!-- runScenario -->
        <test-method is-config="true" signature="tearDownClass()[pri:0, instance:runer.TestNG@662ac478]" started-at="2025-01-22T14:46:26 IST" name="tearDownClass" finished-at="2025-01-22T14:46:26 IST" duration-ms="17" status="PASS">
          <reporter-output>
          </reporter-output>
        </test-method> <!-- tearDownClass -->
      </class> <!-- runer.TestNG -->
    </test> <!-- Default test -->
  </suite> <!-- Default suite -->
</testng-results>
